[0.012s] Invoking command in '/home/linjiawei/load_mcap/build/mcap_streamer': CMAKE_PREFIX_PATH=${CMAKE_PREFIX_PATH}:/opt/ros/humble /usr/bin/cmake --build /home/linjiawei/load_mcap/build/mcap_streamer -- -j17 -l17
[0.061s] Consolidate compiler generated dependencies of target mcap_reader_node
[0.068s] [ 33%] Built target s3_downloader_lib
[0.076s] [ 50%] Building CXX object CMakeFiles/mcap_reader_node.dir/src/mcap_reader_node.cpp.o
[0.095s] [ 83%] Built target mcap_streamer_node
[2.416s] /home/linjiawei/load_mcap/src/mcap_streamer/src/mcap_reader_node.cpp: In member function ‘std::string McapReaderNode::deserializeMessage(const string&, std::shared_ptr<rclcpp::SerializedMessage>)’:
[2.416s] /home/linjiawei/load_mcap/src/mcap_streamer/src/mcap_reader_node.cpp:419:33: error: no matching function for call to ‘rclcpp::SerializationBase::SerializationBase()’
[2.416s]   419 |       rclcpp::SerializationBase serialization;
[2.416s]       |                                 ^~~~~~~~~~~~~
[2.416s] In file included from /home/linjiawei/load_mcap/src/mcap_streamer/src/mcap_reader_node.cpp:4:
[2.416s] /opt/ros/humble/include/rclcpp/rclcpp/serialization.hpp:56:12: note: candidate: ‘rclcpp::SerializationBase::SerializationBase(const rosidl_message_type_support_t*)’
[2.416s]    56 |   explicit SerializationBase(const rosidl_message_type_support_t * type_support);
[2.416s]       |            ^~~~~~~~~~~~~~~~~
[2.417s] /opt/ros/humble/include/rclcpp/rclcpp/serialization.hpp:56:12: note:   candidate expects 1 argument, 0 provided
[2.417s] /opt/ros/humble/include/rclcpp/rclcpp/serialization.hpp:48:26: note: candidate: ‘constexpr rclcpp::SerializationBase::SerializationBase(const rclcpp::SerializationBase&)’
[2.417s]    48 | class RCLCPP_PUBLIC_TYPE SerializationBase
[2.417s]       |                          ^~~~~~~~~~~~~~~~~
[2.417s] /opt/ros/humble/include/rclcpp/rclcpp/serialization.hpp:48:26: note:   candidate expects 1 argument, 0 provided
[2.417s] /home/linjiawei/load_mcap/src/mcap_streamer/src/mcap_reader_node.cpp:426:72: error: no matching function for call to ‘get_message_type_support_handle(const string&, const char [23])’
[2.417s]   426 |       auto ts = rosidl_typesupport_cpp::get_message_type_support_handle(
[2.417s]       |                 ~~~~~~~~~~~~~~~~~~~~~~~~~~~~~~~~~~~~~~~~~~~~~~~~~~~~~~~^
[2.417s]   427 |         topic_type, "rosidl_typesupport_cpp");
[2.417s]       |         ~~~~~~~~~~~~~~~~~~~~~~~~~~~~~~~~~~~~~                           
[2.417s] In file included from /opt/ros/humble/include/builtin_interfaces/builtin_interfaces/msg/detail/duration__type_support.hpp:12,
[2.417s]                  from /opt/ros/humble/include/builtin_interfaces/builtin_interfaces/msg/duration.hpp:10,
[2.417s]                  from /opt/ros/humble/include/rclcpp/rclcpp/duration.hpp:20,
[2.417s]                  from /opt/ros/humble/include/rclcpp/rclcpp/qos.hpp:20,
[2.417s]                  from /opt/ros/humble/include/rclcpp/rclcpp/node_interfaces/node_graph_interface.hpp:32,
[2.417s]                  from /opt/ros/humble/include/rclcpp/rclcpp/client.hpp:42,
[2.417s]                  from /opt/ros/humble/include/rclcpp/rclcpp/callback_group.hpp:24,
[2.417s]                  from /opt/ros/humble/include/rclcpp/rclcpp/any_executable.hpp:20,
[2.418s]                  from /opt/ros/humble/include/rclcpp/rclcpp/memory_strategy.hpp:25,
[2.418s]                  from /opt/ros/humble/include/rclcpp/rclcpp/memory_strategies.hpp:18,
[2.418s]                  from /opt/ros/humble/include/rclcpp/rclcpp/executor_options.hpp:20,
[2.418s]                  from /opt/ros/humble/include/rclcpp/rclcpp/executor.hpp:37,
[2.418s]                  from /opt/ros/humble/include/rclcpp/rclcpp/executors/multi_threaded_executor.hpp:25,
[2.418s]                  from /opt/ros/humble/include/rclcpp/rclcpp/executors.hpp:21,
[2.418s]                  from /opt/ros/humble/include/rclcpp/rclcpp/rclcpp.hpp:155,
[2.418s]                  from /home/linjiawei/load_mcap/src/mcap_streamer/src/mcap_reader_node.cpp:1:
[2.418s] /opt/ros/humble/include/rosidl_runtime_cpp/rosidl_typesupport_cpp/message_type_support.hpp:25:39: note: candidate: ‘template<class T> const rosidl_message_type_support_t* rosidl_typesupport_cpp::get_message_type_support_handle()’
[2.418s]    25 | const rosidl_message_type_support_t * get_message_type_support_handle();
[2.418s]       |                                       ^~~~~~~~~~~~~~~~~~~~~~~~~~~~~~~
[2.418s] /opt/ros/humble/include/rosidl_runtime_cpp/rosidl_typesupport_cpp/message_type_support.hpp:25:39: note:   template argument deduction/substitution failed:
[2.418s] /home/linjiawei/load_mcap/src/mcap_streamer/src/mcap_reader_node.cpp:426:72: note:   candidate expects 0 arguments, 2 provided
[2.418s]   426 |       auto ts = rosidl_typesupport_cpp::get_message_type_support_handle(
[2.418s]       |                 ~~~~~~~~~~~~~~~~~~~~~~~~~~~~~~~~~~~~~~~~~~~~~~~~~~~~~~~^
[2.418s]   427 |         topic_type, "rosidl_typesupport_cpp");
[2.418s]       |         ~~~~~~~~~~~~~~~~~~~~~~~~~~~~~~~~~~~~~                           
[2.418s] /home/linjiawei/load_mcap/src/mcap_streamer/src/mcap_reader_node.cpp:432:69: error: no matching function for call to ‘get_message_type_support_handle(const string&, const char [37])’
[2.418s]   432 |         ts = rosidl_typesupport_cpp::get_message_type_support_handle(
[2.419s]       |              ~~~~~~~~~~~~~~~~~~~~~~~~~~~~~~~~~~~~~~~~~~~~~~~~~~~~~~~^
[2.419s]   433 |           topic_type, "rosidl_typesupport_introspection_cpp");
[2.419s]       |           ~~~~~~~~~~~~~~~~~~~~~~~~~~~~~~~~~~~~~~~~~~~~~~~~~~~        
[2.419s] In file included from /opt/ros/humble/include/builtin_interfaces/builtin_interfaces/msg/detail/duration__type_support.hpp:12,
[2.419s]                  from /opt/ros/humble/include/builtin_interfaces/builtin_interfaces/msg/duration.hpp:10,
[2.419s]                  from /opt/ros/humble/include/rclcpp/rclcpp/duration.hpp:20,
[2.419s]                  from /opt/ros/humble/include/rclcpp/rclcpp/qos.hpp:20,
[2.419s]                  from /opt/ros/humble/include/rclcpp/rclcpp/node_interfaces/node_graph_interface.hpp:32,
[2.419s]                  from /opt/ros/humble/include/rclcpp/rclcpp/client.hpp:42,
[2.419s]                  from /opt/ros/humble/include/rclcpp/rclcpp/callback_group.hpp:24,
[2.419s]                  from /opt/ros/humble/include/rclcpp/rclcpp/any_executable.hpp:20,
[2.419s]                  from /opt/ros/humble/include/rclcpp/rclcpp/memory_strategy.hpp:25,
[2.419s]                  from /opt/ros/humble/include/rclcpp/rclcpp/memory_strategies.hpp:18,
[2.419s]                  from /opt/ros/humble/include/rclcpp/rclcpp/executor_options.hpp:20,
[2.419s]                  from /opt/ros/humble/include/rclcpp/rclcpp/executor.hpp:37,
[2.419s]                  from /opt/ros/humble/include/rclcpp/rclcpp/executors/multi_threaded_executor.hpp:25,
[2.419s]                  from /opt/ros/humble/include/rclcpp/rclcpp/executors.hpp:21,
[2.419s]                  from /opt/ros/humble/include/rclcpp/rclcpp/rclcpp.hpp:155,
[2.420s]                  from /home/linjiawei/load_mcap/src/mcap_streamer/src/mcap_reader_node.cpp:1:
[2.420s] /opt/ros/humble/include/rosidl_runtime_cpp/rosidl_typesupport_cpp/message_type_support.hpp:25:39: note: candidate: ‘template<class T> const rosidl_message_type_support_t* rosidl_typesupport_cpp::get_message_type_support_handle()’
[2.420s]    25 | const rosidl_message_type_support_t * get_message_type_support_handle();
[2.420s]       |                                       ^~~~~~~~~~~~~~~~~~~~~~~~~~~~~~~
[2.420s] /opt/ros/humble/include/rosidl_runtime_cpp/rosidl_typesupport_cpp/message_type_support.hpp:25:39: note:   template argument deduction/substitution failed:
[2.420s] /home/linjiawei/load_mcap/src/mcap_streamer/src/mcap_reader_node.cpp:432:69: note:   candidate expects 0 arguments, 2 provided
[2.420s]   432 |         ts = rosidl_typesupport_cpp::get_message_type_support_handle(
[2.420s]       |              ~~~~~~~~~~~~~~~~~~~~~~~~~~~~~~~~~~~~~~~~~~~~~~~~~~~~~~~^
[2.420s]   433 |           topic_type, "rosidl_typesupport_introspection_cpp");
[2.420s]       |           ~~~~~~~~~~~~~~~~~~~~~~~~~~~~~~~~~~~~~~~~~~~~~~~~~~~        
[3.292s] gmake[2]: *** [CMakeFiles/mcap_reader_node.dir/build.make:76: CMakeFiles/mcap_reader_node.dir/src/mcap_reader_node.cpp.o] Error 1
[3.292s] gmake[1]: *** [CMakeFiles/Makefile2:193: CMakeFiles/mcap_reader_node.dir/all] Error 2
[3.292s] gmake: *** [Makefile:146: all] Error 2
[3.294s] Invoked command in '/home/linjiawei/load_mcap/build/mcap_streamer' returned '2': CMAKE_PREFIX_PATH=${CMAKE_PREFIX_PATH}:/opt/ros/humble /usr/bin/cmake --build /home/linjiawei/load_mcap/build/mcap_streamer -- -j17 -l17
