[0.025s] Invoking command in '/home/linjiawei/load_mcap/build/mcap_streamer': CMAKE_PREFIX_PATH=${CMAKE_PREFIX_PATH}:/opt/ros/humble /usr/bin/cmake --build /home/linjiawei/load_mcap/build/mcap_streamer -- -j17 -l17
[0.051s] -- Found ament_cmake: 1.3.12 (/opt/ros/humble/share/ament_cmake/cmake)
[0.220s] -- Found rclcpp: 16.0.15 (/opt/ros/humble/share/rclcpp/cmake)
[0.260s] -- Found rosidl_generator_c: 3.1.7 (/opt/ros/humble/share/rosidl_generator_c/cmake)
[0.265s] -- Found rosidl_adapter: 3.1.7 (/opt/ros/humble/share/rosidl_adapter/cmake)
[0.273s] -- Found rosidl_generator_cpp: 3.1.7 (/opt/ros/humble/share/rosidl_generator_cpp/cmake)
[0.287s] -- Using all available rosidl_typesupport_c: rosidl_typesupport_fastrtps_c;rosidl_typesupport_introspection_c
[0.301s] -- Using all available rosidl_typesupport_cpp: rosidl_typesupport_fastrtps_cpp;rosidl_typesupport_introspection_cpp
[0.335s] -- Found rmw_implementation_cmake: 6.1.2 (/opt/ros/humble/share/rmw_implementation_cmake/cmake)
[0.337s] -- Found rmw_fastrtps_cpp: 6.2.9 (/opt/ros/humble/share/rmw_fastrtps_cpp/cmake)
[0.423s] -- Using RMW implementation 'rmw_fastrtps_cpp' as default
[0.490s] -- Found rosbag2_cpp: 0.15.15 (/opt/ros/humble/share/rosbag2_cpp/cmake)
[0.518s] -- Found deva_perception_msgs: 0.0.0 (/home/linjiawei/load_mcap/install/deva_perception_msgs/share/deva_perception_msgs/cmake)
[0.655s] -- Found ament_lint_auto: 0.12.14 (/opt/ros/humble/share/ament_lint_auto/cmake)
[0.697s] -- Added test 'cppcheck' to perform static code analysis on C / C++ code
[0.697s] -- Configured cppcheck include dirs: $<BUILD_INTERFACE:/home/linjiawei/load_mcap/src/mcap_streamer/include>
[0.697s] -- Configured cppcheck exclude dirs and/or files: 
[0.698s] -- Added test 'flake8' to check Python code syntax and style conventions
[0.700s] -- Added test 'lint_cmake' to check CMake code style
[0.700s] -- Added test 'pep257' to check Python code against some of the docstring style conventions in PEP 257
[0.700s] -- Added test 'uncrustify' to check C / C++ code style
[0.700s] -- Configured uncrustify additional arguments: 
[0.700s] -- Added test 'xmllint' to check XML markup files
[0.700s] -- Configuring done
[0.721s] -- Generating done
[0.730s] -- Build files have been written to: /home/linjiawei/load_mcap/build/mcap_streamer
[0.761s] [35m[1mConsolidate compiler generated dependencies of target mcap_reader_node[0m
[0.761s] [35m[1mConsolidate compiler generated dependencies of target s3_downloader_lib[0m
[0.773s] [ 12%] [32mBuilding CXX object CMakeFiles/mcap_example.dir/src/mcap_example.cpp.o[0m
[0.781s] [ 25%] [32mBuilding CXX object CMakeFiles/mcap_reader_node.dir/src/mcap_reader_node.cpp.o[0m
[0.933s] [ 50%] Built target s3_downloader_lib
[0.945s] [35m[1mConsolidate compiler generated dependencies of target mcap_streamer_node[0m
[0.964s] [ 62%] [32mBuilding CXX object CMakeFiles/mcap_streamer_node.dir/src/mcap_streamer_node.cpp.o[0m
[0.984s] [01m[K/home/linjiawei/load_mcap/src/mcap_streamer/src/mcap_reader_node.cpp:9:10:[m[K [01;31m[Kfatal error: [m[Ksensor_msgs/msg/image.hpp: No such file or directory
[0.984s]     9 | #include [01;31m[K<sensor_msgs/msg/image.hpp>[m[K
[0.984s]       |          [01;31m[K^~~~~~~~~~~~~~~~~~~~~~~~~~~[m[K
[0.984s] compilation terminated.
[0.987s] gmake[2]: *** [CMakeFiles/mcap_reader_node.dir/build.make:76: CMakeFiles/mcap_reader_node.dir/src/mcap_reader_node.cpp.o] Error 1
[0.987s] gmake[1]: *** [CMakeFiles/Makefile2:195: CMakeFiles/mcap_reader_node.dir/all] Error 2
[0.988s] gmake[1]: *** Waiting for unfinished jobs....
[5.141s] [ 75%] [32m[1mLinking CXX executable mcap_example[0m
[5.296s] [ 75%] Built target mcap_example
[5.795s] [ 87%] [32m[1mLinking CXX executable mcap_streamer_node[0m
[5.974s] [ 87%] Built target mcap_streamer_node
[5.975s] gmake: *** [Makefile:146: all] Error 2
[5.977s] Invoked command in '/home/linjiawei/load_mcap/build/mcap_streamer' returned '2': CMAKE_PREFIX_PATH=${CMAKE_PREFIX_PATH}:/opt/ros/humble /usr/bin/cmake --build /home/linjiawei/load_mcap/build/mcap_streamer -- -j17 -l17
