[0.025s] Invoking command in '/home/linjiawei/load_mcap/build/mcap_streamer': CMAKE_PREFIX_PATH=${CMAKE_PREFIX_PATH}:/opt/ros/humble /usr/bin/cmake --build /home/linjiawei/load_mcap/build/mcap_streamer -- -j17 -l17
[0.079s] [35m[1mConsolidate compiler generated dependencies of target mcap_example[0m
[0.085s] [ 33%] Built target s3_downloader_lib
[0.121s] [ 50%] [32mBuilding CXX object CMakeFiles/mcap_example.dir/src/mcap_example.cpp.o[0m
[0.155s] [ 83%] Built target mcap_streamer_node
[6.576s] [01m[K/home/linjiawei/load_mcap/src/mcap_streamer/src/mcap_example.cpp:717:14:[m[K [01;31m[Kerror: [m[Kexplicit specialization in non-namespace scope â€˜[01m[Kclass MCapExample[m[Kâ€™
[6.576s]   717 |     template<[01;31m[K>[m[K
[6.577s]       |              [01;31m[K^[m[K
[6.577s] [01m[K/home/linjiawei/load_mcap/src/mcap_streamer/src/mcap_example.cpp:718:10:[m[K [01;31m[Kerror: [m[Ktemplate-id â€˜[01m[Kdeserialize_and_print<deva_perception_msgs::msg::RVDynObstacleResult>[m[Kâ€™ in declaration of primary template
[6.577s]   718 |     void [01;31m[Kdeserialize_and_print<deva_perception_msgs::msg::RVDynObstacleResult>[m[K(
[6.577s]       |          [01;31m[K^~~~~~~~~~~~~~~~~~~~~~~~~~~~~~~~~~~~~~~~~~~~~~~~~~~~~~~~~~~~~~~~~~~~~[m[K
[6.577s] [01m[K/home/linjiawei/load_mcap/src/mcap_streamer/src/mcap_example.cpp:729:14:[m[K [01;31m[Kerror: [m[Kexplicit specialization in non-namespace scope â€˜[01m[Kclass MCapExample[m[Kâ€™
[6.577s]   729 |     template<[01;31m[K>[m[K
[6.577s]       |              [01;31m[K^[m[K
[6.577s] [01m[K/home/linjiawei/load_mcap/src/mcap_streamer/src/mcap_example.cpp:730:10:[m[K [01;31m[Kerror: [m[Ktemplate-id â€˜[01m[Kdeserialize_and_print<deva_control_msgs::msg::VehicleReportCommon>[m[Kâ€™ in declaration of primary template
[6.577s]   730 |     void [01;31m[Kdeserialize_and_print<deva_control_msgs::msg::VehicleReportCommon>[m[K(
[6.577s]       |          [01;31m[K^~~~~~~~~~~~~~~~~~~~~~~~~~~~~~~~~~~~~~~~~~~~~~~~~~~~~~~~~~~~~~~~~~[m[K
[6.577s] [01m[K/home/linjiawei/load_mcap/src/mcap_streamer/src/mcap_example.cpp:730:10:[m[K [01;31m[Kerror: [m[Kâ€˜[01m[Kvoid MCapExample::deserialize_and_print(std::shared_ptr<rclcpp::SerializedMessage>, const string&)[m[Kâ€™ cannot be overloaded with â€˜[01m[Kvoid MCapExample::deserialize_and_print(std::shared_ptr<rclcpp::SerializedMessage>, const string&)[m[Kâ€™
[6.577s] [01m[K/home/linjiawei/load_mcap/src/mcap_streamer/src/mcap_example.cpp:718:10:[m[K [01;36m[Knote: [m[Kprevious declaration â€˜[01m[Kvoid MCapExample::deserialize_and_print(std::shared_ptr<rclcpp::SerializedMessage>, const string&)[m[Kâ€™
[6.577s]   718 |     void [01;36m[Kdeserialize_and_print<deva_perception_msgs::msg::RVDynObstacleResult>[m[K(
[6.577s]       |          [01;36m[K^~~~~~~~~~~~~~~~~~~~~~~~~~~~~~~~~~~~~~~~~~~~~~~~~~~~~~~~~~~~~~~~~~~~~[m[K
[6.577s] [01m[K/home/linjiawei/load_mcap/src/mcap_streamer/src/mcap_example.cpp:741:14:[m[K [01;31m[Kerror: [m[Kexplicit specialization in non-namespace scope â€˜[01m[Kclass MCapExample[m[Kâ€™
[6.577s]   741 |     template<[01;31m[K>[m[K
[6.577s]       |              [01;31m[K^[m[K
[6.577s] [01m[K/home/linjiawei/load_mcap/src/mcap_streamer/src/mcap_example.cpp:742:10:[m[K [01;31m[Kerror: [m[Ktemplate-id â€˜[01m[Kdeserialize_and_print<deva_localization_msgs::msg::Ins>[m[Kâ€™ in declaration of primary template
[6.577s]   742 |     void [01;31m[Kdeserialize_and_print<deva_localization_msgs::msg::Ins>[m[K(
[6.578s]       |          [01;31m[K^~~~~~~~~~~~~~~~~~~~~~~~~~~~~~~~~~~~~~~~~~~~~~~~~~~~~~~[m[K
[6.578s] [01m[K/home/linjiawei/load_mcap/src/mcap_streamer/src/mcap_example.cpp:742:10:[m[K [01;31m[Kerror: [m[Kâ€˜[01m[Kvoid MCapExample::deserialize_and_print(std::shared_ptr<rclcpp::SerializedMessage>, const string&)[m[Kâ€™ cannot be overloaded with â€˜[01m[Kvoid MCapExample::deserialize_and_print(std::shared_ptr<rclcpp::SerializedMessage>, const string&)[m[Kâ€™
[6.578s] [01m[K/home/linjiawei/load_mcap/src/mcap_streamer/src/mcap_example.cpp:718:10:[m[K [01;36m[Knote: [m[Kprevious declaration â€˜[01m[Kvoid MCapExample::deserialize_and_print(std::shared_ptr<rclcpp::SerializedMessage>, const string&)[m[Kâ€™
[6.578s]   718 |     void [01;36m[Kdeserialize_and_print<deva_perception_msgs::msg::RVDynObstacleResult>[m[K(
[6.578s]       |          [01;36m[K^~~~~~~~~~~~~~~~~~~~~~~~~~~~~~~~~~~~~~~~~~~~~~~~~~~~~~~~~~~~~~~~~~~~~[m[K
[6.848s] [01m[K/home/linjiawei/load_mcap/src/mcap_streamer/src/mcap_example.cpp:[m[K In member function â€˜[01m[Kvoid MCapExample::process_rv_dyn_obstacle_result(const RVDynObstacleResult&, const string&)[m[Kâ€™:
[6.848s] [01m[K/home/linjiawei/load_mcap/src/mcap_streamer/src/mcap_example.cpp:675:81:[m[K [01;31m[Kerror: [m[Kâ€˜[01m[Kconst struct deva_perception_msgs::msg::RVDynObstacleList_<std::allocator<void> >[m[Kâ€™ has no member named â€˜[01m[Kobstacles[m[Kâ€™
[6.848s]   675 |             std::cout << "  Obstacle list " << i << ": obstacles count=" << obs.[01;31m[Kobstacles[m[K.size() << std::endl;
[6.848s]       |                                                                                 [01;31m[K^~~~~~~~~[m[K
[9.918s] gmake[2]: *** [CMakeFiles/mcap_example.dir/build.make:76: CMakeFiles/mcap_example.dir/src/mcap_example.cpp.o] Error 1
[9.918s] gmake[1]: *** [CMakeFiles/Makefile2:193: CMakeFiles/mcap_example.dir/all] Error 2
[9.919s] gmake: *** [Makefile:146: all] Error 2
[9.921s] Invoked command in '/home/linjiawei/load_mcap/build/mcap_streamer' returned '2': CMAKE_PREFIX_PATH=${CMAKE_PREFIX_PATH}:/opt/ros/humble /usr/bin/cmake --build /home/linjiawei/load_mcap/build/mcap_streamer -- -j17 -l17
