[0.012s] Invoking command in '/home/linjiawei/load_mcap/build/mcap_streamer': CMAKE_PREFIX_PATH=${CMAKE_PREFIX_PATH}:/opt/ros/humble /usr/bin/cmake --build /home/linjiawei/load_mcap/build/mcap_streamer -- -j17 -l17
[0.037s] -- Found ament_cmake: 1.3.12 (/opt/ros/humble/share/ament_cmake/cmake)
[0.188s] -- Found rclcpp: 16.0.15 (/opt/ros/humble/share/rclcpp/cmake)
[0.212s] -- Found rosidl_generator_c: 3.1.7 (/opt/ros/humble/share/rosidl_generator_c/cmake)
[0.214s] -- Found rosidl_adapter: 3.1.7 (/opt/ros/humble/share/rosidl_adapter/cmake)
[0.220s] -- Found rosidl_generator_cpp: 3.1.7 (/opt/ros/humble/share/rosidl_generator_cpp/cmake)
[0.230s] -- Using all available rosidl_typesupport_c: rosidl_typesupport_fastrtps_c;rosidl_typesupport_introspection_c
[0.242s] -- Using all available rosidl_typesupport_cpp: rosidl_typesupport_fastrtps_cpp;rosidl_typesupport_introspection_cpp
[0.275s] -- Found rmw_implementation_cmake: 6.1.2 (/opt/ros/humble/share/rmw_implementation_cmake/cmake)
[0.276s] -- Found rmw_fastrtps_cpp: 6.2.9 (/opt/ros/humble/share/rmw_fastrtps_cpp/cmake)
[0.361s] -- Using RMW implementation 'rmw_fastrtps_cpp' as default
[0.411s] -- Found rosbag2_cpp: 0.15.15 (/opt/ros/humble/share/rosbag2_cpp/cmake)
[0.429s] -- Found ament_lint_auto: 0.12.14 (/opt/ros/humble/share/ament_lint_auto/cmake)
[0.515s] -- Added test 'cppcheck' to perform static code analysis on C / C++ code
[0.516s] -- Configured cppcheck include dirs: $<BUILD_INTERFACE:/home/linjiawei/load_mcap/src/mcap_streamer/include>
[0.516s] -- Configured cppcheck exclude dirs and/or files: 
[0.516s] -- Added test 'flake8' to check Python code syntax and style conventions
[0.516s] -- Added test 'lint_cmake' to check CMake code style
[0.517s] -- Added test 'pep257' to check Python code against some of the docstring style conventions in PEP 257
[0.517s] -- Added test 'uncrustify' to check C / C++ code style
[0.517s] -- Configured uncrustify additional arguments: 
[0.518s] -- Added test 'xmllint' to check XML markup files
[0.518s] -- Configuring done
[0.532s] -- Generating done
[0.538s] -- Build files have been written to: /home/linjiawei/load_mcap/build/mcap_streamer
[0.568s] Consolidate compiler generated dependencies of target mcap_reader_node
[0.583s] [ 16%] Building CXX object CMakeFiles/mcap_reader_node.dir/src/mcap_reader_node.cpp.o
[0.588s] Consolidate compiler generated dependencies of target s3_downloader_lib
[0.599s] [ 50%] Built target s3_downloader_lib
[0.614s] Consolidate compiler generated dependencies of target mcap_streamer_node
[0.628s] [ 83%] Built target mcap_streamer_node
[2.993s] /home/linjiawei/load_mcap/src/mcap_streamer/src/mcap_reader_node.cpp: In member function ‘std::string McapReaderNode::formatValue(const MessageMember*, const uint8_t*, size_t&, int)’:
[2.994s] /home/linjiawei/load_mcap/src/mcap_streamer/src/mcap_reader_node.cpp:488:68: error: ‘const rosidl_message_type_support_t’ {aka ‘const struct rosidl_message_type_support_t’} has no member named ‘size_’
[2.994s]   488 |           oss << formatMessage(member->members_, member->members_->size_, data, offset, indent + 2);
[2.994s]       |                                                                    ^~~~~
[2.994s] /home/linjiawei/load_mcap/src/mcap_streamer/src/mcap_reader_node.cpp:510:64: error: ‘const rosidl_message_type_support_t’ {aka ‘const struct rosidl_message_type_support_t’} has no member named ‘size_’
[2.994s]   510 |       oss << formatMessage(member->members_, member->members_->size_, data, offset, indent + 1);
[2.994s]       |                                                                ^~~~~
[2.998s] /home/linjiawei/load_mcap/src/mcap_streamer/src/mcap_reader_node.cpp: In member function ‘std::string McapReaderNode::deserializeMessage(const string&, std::shared_ptr<rclcpp::SerializedMessage>)’:
[2.998s] /home/linjiawei/load_mcap/src/mcap_streamer/src/mcap_reader_node.cpp:611:63: error: no matching function for call to ‘get_message_type_support_handle(const string&, const char [37])’
[2.998s]   611 |         type_support = rclcpp::get_message_type_support_handle(
[2.998s]       |                        ~~~~~~~~~~~~~~~~~~~~~~~~~~~~~~~~~~~~~~~^
[2.998s]   612 |           topic_type, "rosidl_typesupport_introspection_cpp");
[2.998s]       |           ~~~~~~~~~~~~~~~~~~~~~~~~~~~~~~~~~~~~~~~~~~~~~~~~~~~  
[2.999s] In file included from /opt/ros/humble/include/rclcpp/rclcpp/publisher.hpp:36,
[2.999s]                  from /opt/ros/humble/include/rclcpp/rclcpp/topic_statistics/subscription_topic_statistics.hpp:31,
[2.999s]                  from /opt/ros/humble/include/rclcpp/rclcpp/subscription.hpp:50,
[2.999s]                  from /opt/ros/humble/include/rclcpp/rclcpp/any_executable.hpp:25,
[2.999s]                  from /opt/ros/humble/include/rclcpp/rclcpp/memory_strategy.hpp:25,
[2.999s]                  from /opt/ros/humble/include/rclcpp/rclcpp/memory_strategies.hpp:18,
[2.999s]                  from /opt/ros/humble/include/rclcpp/rclcpp/executor_options.hpp:20,
[2.999s]                  from /opt/ros/humble/include/rclcpp/rclcpp/executor.hpp:37,
[2.999s]                  from /opt/ros/humble/include/rclcpp/rclcpp/executors/multi_threaded_executor.hpp:25,
[2.999s]                  from /opt/ros/humble/include/rclcpp/rclcpp/executors.hpp:21,
[2.999s]                  from /opt/ros/humble/include/rclcpp/rclcpp/rclcpp.hpp:155,
[2.999s]                  from /home/linjiawei/load_mcap/src/mcap_streamer/src/mcap_reader_node.cpp:1:
[2.999s] /opt/ros/humble/include/rclcpp/rclcpp/get_message_type_support_handle.hpp:48:1: note: candidate: ‘template<class MessageT> constexpr std::enable_if_t<rosidl_generator_traits::is_message<T>::value, const rosidl_message_type_support_t&> rclcpp::get_message_type_support_handle()’
[3.000s]    48 | get_message_type_support_handle()
[3.000s]       | ^~~~~~~~~~~~~~~~~~~~~~~~~~~~~~~
[3.000s] /opt/ros/humble/include/rclcpp/rclcpp/get_message_type_support_handle.hpp:48:1: note:   template argument deduction/substitution failed:
[3.000s] /home/linjiawei/load_mcap/src/mcap_streamer/src/mcap_reader_node.cpp:611:63: note:   candidate expects 0 arguments, 2 provided
[3.000s]   611 |         type_support = rclcpp::get_message_type_support_handle(
[3.000s]       |                        ~~~~~~~~~~~~~~~~~~~~~~~~~~~~~~~~~~~~~~~^
[3.000s]   612 |           topic_type, "rosidl_typesupport_introspection_cpp");
[3.000s]       |           ~~~~~~~~~~~~~~~~~~~~~~~~~~~~~~~~~~~~~~~~~~~~~~~~~~~  
[3.000s] In file included from /opt/ros/humble/include/rclcpp/rclcpp/publisher.hpp:36,
[3.000s]                  from /opt/ros/humble/include/rclcpp/rclcpp/topic_statistics/subscription_topic_statistics.hpp:31,
[3.000s]                  from /opt/ros/humble/include/rclcpp/rclcpp/subscription.hpp:50,
[3.000s]                  from /opt/ros/humble/include/rclcpp/rclcpp/any_executable.hpp:25,
[3.000s]                  from /opt/ros/humble/include/rclcpp/rclcpp/memory_strategy.hpp:25,
[3.000s]                  from /opt/ros/humble/include/rclcpp/rclcpp/memory_strategies.hpp:18,
[3.000s]                  from /opt/ros/humble/include/rclcpp/rclcpp/executor_options.hpp:20,
[3.000s]                  from /opt/ros/humble/include/rclcpp/rclcpp/executor.hpp:37,
[3.000s]                  from /opt/ros/humble/include/rclcpp/rclcpp/executors/multi_threaded_executor.hpp:25,
[3.000s]                  from /opt/ros/humble/include/rclcpp/rclcpp/executors.hpp:21,
[3.000s]                  from /opt/ros/humble/include/rclcpp/rclcpp/rclcpp.hpp:155,
[3.001s]                  from /home/linjiawei/load_mcap/src/mcap_streamer/src/mcap_reader_node.cpp:1:
[3.001s] /opt/ros/humble/include/rclcpp/rclcpp/get_message_type_support_handle.hpp:64:1: note: candidate: ‘template<class AdaptedType> constexpr std::enable_if_t<((! rosidl_generator_traits::is_message<T>::value) && typename rclcpp::TypeAdapter<MessageT>::is_specialized::value), const rosidl_message_type_support_t&> rclcpp::get_message_type_support_handle()’
[3.001s]    64 | get_message_type_support_handle()
[3.001s]       | ^~~~~~~~~~~~~~~~~~~~~~~~~~~~~~~
[3.001s] /opt/ros/humble/include/rclcpp/rclcpp/get_message_type_support_handle.hpp:64:1: note:   template argument deduction/substitution failed:
[3.001s] /home/linjiawei/load_mcap/src/mcap_streamer/src/mcap_reader_node.cpp:611:63: note:   candidate expects 0 arguments, 2 provided
[3.001s]   611 |         type_support = rclcpp::get_message_type_support_handle(
[3.001s]       |                        ~~~~~~~~~~~~~~~~~~~~~~~~~~~~~~~~~~~~~~~^
[3.001s]   612 |           topic_type, "rosidl_typesupport_introspection_cpp");
[3.001s]       |           ~~~~~~~~~~~~~~~~~~~~~~~~~~~~~~~~~~~~~~~~~~~~~~~~~~~  
[3.001s] In file included from /opt/ros/humble/include/rclcpp/rclcpp/publisher.hpp:36,
[3.001s]                  from /opt/ros/humble/include/rclcpp/rclcpp/topic_statistics/subscription_topic_statistics.hpp:31,
[3.001s]                  from /opt/ros/humble/include/rclcpp/rclcpp/subscription.hpp:50,
[3.001s]                  from /opt/ros/humble/include/rclcpp/rclcpp/any_executable.hpp:25,
[3.001s]                  from /opt/ros/humble/include/rclcpp/rclcpp/memory_strategy.hpp:25,
[3.001s]                  from /opt/ros/humble/include/rclcpp/rclcpp/memory_strategies.hpp:18,
[3.001s]                  from /opt/ros/humble/include/rclcpp/rclcpp/executor_options.hpp:20,
[3.001s]                  from /opt/ros/humble/include/rclcpp/rclcpp/executor.hpp:37,
[3.001s]                  from /opt/ros/humble/include/rclcpp/rclcpp/executors/multi_threaded_executor.hpp:25,
[3.001s]                  from /opt/ros/humble/include/rclcpp/rclcpp/executors.hpp:21,
[3.002s]                  from /opt/ros/humble/include/rclcpp/rclcpp/rclcpp.hpp:155,
[3.002s]                  from /home/linjiawei/load_mcap/src/mcap_streamer/src/mcap_reader_node.cpp:1:
[3.002s] /opt/ros/humble/include/rclcpp/rclcpp/get_message_type_support_handle.hpp:87:1: note: candidate: ‘template<class AdaptedType> constexpr std::enable_if_t<((! rosidl_generator_traits::is_message<T>::value) && (! typename rclcpp::TypeAdapter<MessageT>::is_specialized::value)), const rosidl_message_type_support_t&> rclcpp::get_message_type_support_handle()’
[3.002s]    87 | get_message_type_support_handle()
[3.002s]       | ^~~~~~~~~~~~~~~~~~~~~~~~~~~~~~~
[3.002s] /opt/ros/humble/include/rclcpp/rclcpp/get_message_type_support_handle.hpp:87:1: note:   template argument deduction/substitution failed:
[3.002s] /home/linjiawei/load_mcap/src/mcap_streamer/src/mcap_reader_node.cpp:611:63: note:   candidate expects 0 arguments, 2 provided
[3.002s]   611 |         type_support = rclcpp::get_message_type_support_handle(
[3.002s]       |                        ~~~~~~~~~~~~~~~~~~~~~~~~~~~~~~~~~~~~~~~^
[3.002s]   612 |           topic_type, "rosidl_typesupport_introspection_cpp");
[3.002s]       |           ~~~~~~~~~~~~~~~~~~~~~~~~~~~~~~~~~~~~~~~~~~~~~~~~~~~  
[3.911s] gmake[2]: *** [CMakeFiles/mcap_reader_node.dir/build.make:76: CMakeFiles/mcap_reader_node.dir/src/mcap_reader_node.cpp.o] Error 1
[3.912s] gmake[1]: *** [CMakeFiles/Makefile2:193: CMakeFiles/mcap_reader_node.dir/all] Error 2
[3.912s] gmake: *** [Makefile:146: all] Error 2
[3.914s] Invoked command in '/home/linjiawei/load_mcap/build/mcap_streamer' returned '2': CMAKE_PREFIX_PATH=${CMAKE_PREFIX_PATH}:/opt/ros/humble /usr/bin/cmake --build /home/linjiawei/load_mcap/build/mcap_streamer -- -j17 -l17
