[0.012s] Invoking command in '/home/linjiawei/load_mcap/build/mcap_streamer': CMAKE_PREFIX_PATH=${CMAKE_PREFIX_PATH}:/opt/ros/humble /usr/bin/cmake --build /home/linjiawei/load_mcap/build/mcap_streamer -- -j17 -l17
[0.059s] Consolidate compiler generated dependencies of target mcap_reader_node
[0.065s] [ 33%] Built target s3_downloader_lib
[0.073s] [ 50%] Building CXX object CMakeFiles/mcap_reader_node.dir/src/mcap_reader_node.cpp.o
[0.091s] [ 83%] Built target mcap_streamer_node
[2.479s] /home/linjiawei/load_mcap/src/mcap_streamer/src/mcap_reader_node.cpp: In member function ‘std::string McapReaderNode::formatValue(const MessageMember*, const uint8_t*, size_t&, int)’:
[2.479s] /home/linjiawei/load_mcap/src/mcap_streamer/src/mcap_reader_node.cpp:511:68: error: ‘const rosidl_message_type_support_t’ {aka ‘const struct rosidl_message_type_support_t’} has no member named ‘size_’
[2.479s]   511 |           oss << formatMessage(member->members_, member->members_->size_, data, offset, indent + 2);
[2.479s]       |                                                                    ^~~~~
[2.480s] /home/linjiawei/load_mcap/src/mcap_streamer/src/mcap_reader_node.cpp:533:64: error: ‘const rosidl_message_type_support_t’ {aka ‘const struct rosidl_message_type_support_t’} has no member named ‘size_’
[2.480s]   533 |       oss << formatMessage(member->members_, member->members_->size_, data, offset, indent + 1);
[2.480s]       |                                                                ^~~~~
[3.413s] gmake[2]: *** [CMakeFiles/mcap_reader_node.dir/build.make:76: CMakeFiles/mcap_reader_node.dir/src/mcap_reader_node.cpp.o] Error 1
[3.413s] gmake[1]: *** [CMakeFiles/Makefile2:193: CMakeFiles/mcap_reader_node.dir/all] Error 2
[3.413s] gmake: *** [Makefile:146: all] Error 2
[3.415s] Invoked command in '/home/linjiawei/load_mcap/build/mcap_streamer' returned '2': CMAKE_PREFIX_PATH=${CMAKE_PREFIX_PATH}:/opt/ros/humble /usr/bin/cmake --build /home/linjiawei/load_mcap/build/mcap_streamer -- -j17 -l17
